Build started 3/5/2016 4:20:43 PM.
     1>Project "D:\Assignment_Smart_Pointers\Assignment_Smart_Pointers\Assignment_Smart_Pointers.vcxproj" on node 2 (Build target(s)).
     1>ClCompile:
         C:\Program Files (x86)\Microsoft Visual Studio 11.0\VC\bin\CL.exe /c /I"C:\Users\Aun\Desktop\Visual Leak Detector\include" /ZI /nologo /W3 /WX- /Od /Oy- /D WIN32 /D _DEBUG /D _CONSOLE /D _UNICODE /D UNICODE /Gm /EHsc /RTC1 /MDd /GS /fp:precise /Zc:wchar_t /Zc:forScope /Fo"Debug\\" /Fd"Debug\vc110.pdb" /Gd /TP /analyze- /errorReport:prompt main.cpp StringBufferCP.cpp StringBufferOP.cpp StringBufferRC.cpp StringBufferRL.cpp Test.cpp
         Test.cpp
         StringBufferRL.cpp
         StringBufferRC.cpp
         StringBufferOP.cpp
         StringBufferCP.cpp
         main.cpp
         Generating Code...
       Link:
         C:\Program Files (x86)\Microsoft Visual Studio 11.0\VC\bin\link.exe /ERRORREPORT:PROMPT /OUT:"D:\Assignment_Smart_Pointers\Debug\Assignment_Smart_Pointers.exe" /INCREMENTAL /NOLOGO /LIBPATH:"C:\Users\Aun\Desktop\Visual Leak Detector\lib\Win32" kernel32.lib user32.lib gdi32.lib winspool.lib comdlg32.lib advapi32.lib shell32.lib ole32.lib oleaut32.lib uuid.lib odbc32.lib odbccp32.lib /MANIFEST /MANIFESTUAC:"level='asInvoker' uiAccess='false'" /manifest:embed /DEBUG /PDB:"D:\Assignment_Smart_Pointers\Debug\Assignment_Smart_Pointers.pdb" /SUBSYSTEM:CONSOLE /TLBID:1 /DYNAMICBASE /NXCOMPAT /IMPLIB:"D:\Assignment_Smart_Pointers\Debug\Assignment_Smart_Pointers.lib" /MACHINE:X86 Debug\main.obj
         Debug\StringBufferCP.obj
         Debug\StringBufferOP.obj
         Debug\StringBufferRC.obj
         Debug\StringBufferRL.obj
         Debug\Test.obj
         LINK : D:\Assignment_Smart_Pointers\Debug\Assignment_Smart_Pointers.exe not found or not built by the last incremental link; performing full link
         Assignment_Smart_Pointers.vcxproj -> D:\Assignment_Smart_Pointers\Debug\Assignment_Smart_Pointers.exe
     1>Done Building Project "D:\Assignment_Smart_Pointers\Assignment_Smart_Pointers\Assignment_Smart_Pointers.vcxproj" (Build target(s)).

Build succeeded.

Time Elapsed 00:00:11.63
